make --dry-run --always-make --keep-going --print-directory
make: Entering directory '/home/igor/42Cursus/PUSH_SWAP'
gcc -Wall -Wextra -Werror -g   -c -o main.o main.c
gcc -Wall -Wextra -Werror -g   -c -o check_contract.o check_contract.c
gcc -Wall -Wextra -Werror -g   -c -o initialize.o initialize.c
gcc -Wall -Wextra -Werror -g   -c -o fill_deck.o fill_deck.c
gcc -Wall -Wextra -Werror -g   -c -o swap.o swap.c
gcc -Wall -Wextra -Werror -g   -c -o push.o push.c
gcc -Wall -Wextra -Werror -g   -c -o rotate.o rotate.c
gcc -Wall -Wextra -Werror -g   -c -o reverse_rotate.o reverse_rotate.c
gcc -Wall -Wextra -Werror -g   -c -o dispatch_sort.o dispatch_sort.c
gcc -Wall -Wextra -Werror -g   -c -o sort_big.o sort_big.c
gcc -Wall -Wextra -Werror -g   -c -o median.o median.c
make -C ./libft
 
make[1]: Entering directory '/home/igor/42Cursus/PUSH_SWAP/libft'
gcc -Wall -Wextra -Werror -g   -c -o ft_atoi.o ft_atoi.c
gcc -Wall -Wextra -Werror -g   -c -o ft_bzero.o ft_bzero.c
gcc -Wall -Wextra -Werror -g   -c -o ft_isalnum.o ft_isalnum.c
gcc -Wall -Wextra -Werror -g   -c -o ft_isalpha.o ft_isalpha.c
gcc -Wall -Wextra -Werror -g   -c -o ft_isascii.o ft_isascii.c
gcc -Wall -Wextra -Werror -g   -c -o ft_isdigit.o ft_isdigit.c
gcc -Wall -Wextra -Werror -g   -c -o ft_isprint.o ft_isprint.c
gcc -Wall -Wextra -Werror -g   -c -o ft_memccpy.o ft_memccpy.c
gcc -Wall -Wextra -Werror -g   -c -o ft_memchr.o ft_memchr.c
gcc -Wall -Wextra -Werror -g   -c -o ft_memcmp.o ft_memcmp.c
gcc -Wall -Wextra -Werror -g   -c -o ft_memcpy.o ft_memcpy.c
gcc -Wall -Wextra -Werror -g   -c -o ft_memmove.o ft_memmove.c
gcc -Wall -Wextra -Werror -g   -c -o ft_memset.o ft_memset.c
gcc -Wall -Wextra -Werror -g   -c -o ft_strchr.o ft_strchr.c
gcc -Wall -Wextra -Werror -g   -c -o ft_strlcat.o ft_strlcat.c
gcc -Wall -Wextra -Werror -g   -c -o ft_strlcpy.o ft_strlcpy.c
gcc -Wall -Wextra -Werror -g   -c -o ft_strlen.o ft_strlen.c
gcc -Wall -Wextra -Werror -g   -c -o ft_strncmp.o ft_strncmp.c
gcc -Wall -Wextra -Werror -g   -c -o ft_strnstr.o ft_strnstr.c
gcc -Wall -Wextra -Werror -g   -c -o ft_strrchr.o ft_strrchr.c
gcc -Wall -Wextra -Werror -g   -c -o ft_tolower.o ft_tolower.c
gcc -Wall -Wextra -Werror -g   -c -o ft_toupper.o ft_toupper.c
gcc -Wall -Wextra -Werror -g   -c -o ft_calloc.o ft_calloc.c
gcc -Wall -Wextra -Werror -g   -c -o ft_strdup.o ft_strdup.c
 
gcc -Wall -Wextra -Werror -g   -c -o ft_substr.o ft_substr.c
gcc -Wall -Wextra -Werror -g   -c -o ft_strjoin.o ft_strjoin.c
gcc -Wall -Wextra -Werror -g   -c -o ft_strtrim.o ft_strtrim.c
gcc -Wall -Wextra -Werror -g   -c -o ft_split.o ft_split.c
gcc -Wall -Wextra -Werror -g   -c -o ft_itoa.o ft_itoa.c
gcc -Wall -Wextra -Werror -g   -c -o ft_strmapi.o ft_strmapi.c
gcc -Wall -Wextra -Werror -g   -c -o ft_putchar_fd.o ft_putchar_fd.c
gcc -Wall -Wextra -Werror -g   -c -o ft_putstr_fd.o ft_putstr_fd.c
gcc -Wall -Wextra -Werror -g   -c -o ft_putendl_fd.o ft_putendl_fd.c
gcc -Wall -Wextra -Werror -g   -c -o ft_putnbr_fd.o ft_putnbr_fd.c
gcc -Wall -Wextra -Werror -g   -c -o ft_lstnew.o ft_lstnew.c
gcc -Wall -Wextra -Werror -g   -c -o ft_lstadd_front.o ft_lstadd_front.c
gcc -Wall -Wextra -Werror -g   -c -o ft_lstsize.o ft_lstsize.c
gcc -Wall -Wextra -Werror -g   -c -o ft_lstlast.o ft_lstlast.c
gcc -Wall -Wextra -Werror -g   -c -o ft_lstadd_back.o ft_lstadd_back.c
gcc -Wall -Wextra -Werror -g   -c -o ft_lstdelone.o ft_lstdelone.c
gcc -Wall -Wextra -Werror -g   -c -o ft_lstclear.o ft_lstclear.c
gcc -Wall -Wextra -Werror -g   -c -o ft_lstiter.o ft_lstiter.c
gcc -Wall -Wextra -Werror -g   -c -o ft_lstmap.o ft_lstmap.c
gcc -Wall -Wextra -Werror -g   -c -o ft_putchar.o ft_putchar.c
gcc -Wall -Wextra -Werror -g   -c -o ft_putstr.o ft_putstr.c
gcc -Wall -Wextra -Werror -g   -c -o ft_printf.o ft_printf.c
gcc -Wall -Wextra -Werror -g   -c -o dispatch.o dispatch.c
gcc -Wall -Wextra -Werror -g   -c -o handle_d.o handle_d.c
gcc -Wall -Wextra -Werror -g   -c -o ft_putnbr_base.o ft_putnbr_base.c
 
gcc -Wall -Wextra -Werror -g   -c -o handle_c.o handle_c.c
gcc -Wall -Wextra -Werror -g   -c -o handle_s.o handle_s.c
gcc -Wall -Wextra -Werror -g   -c -o handle_p.o handle_p.c
gcc -Wall -Wextra -Werror -g   -c -o handle_u.o handle_u.c
gcc -Wall -Wextra -Werror -g   -c -o handle_x.o handle_x.c
gcc -Wall -Wextra -Werror -g   -c -o handle_bigx.o handle_bigx.c
gcc -Wall -Wextra -Werror -g   -c -o handle_perc.o handle_perc.c
gcc -Wall -Wextra -Werror -g   -c -o init_table.o init_table.c
gcc -Wall -Wextra -Werror -g   -c -o reset_table.o reset_table.c
gcc -Wall -Wextra -Werror -g   -c -o parse.o parse.c
gcc -Wall -Wextra -Werror -g   -c -o read_flags.o read_flags.c
gcc -Wall -Wextra -Werror -g   -c -o handle_spec.o handle_spec.c
gcc -Wall -Wextra -Werror -g   -c -o handle_spec_u.o handle_spec_u.c
gcc -Wall -Wextra -Werror -g   -c -o handle_spec_x.o handle_spec_x.c
gcc -Wall -Wextra -Werror -g   -c -o handle_spec_bigx.o handle_spec_bigx.c
gcc -Wall -Wextra -Werror -g   -c -o handle_spec_c.o handle_spec_c.c
gcc -Wall -Wextra -Werror -g   -c -o handle_spec_p.o handle_spec_p.c
gcc -Wall -Wextra -Werror -g   -c -o handle_precis.o handle_precis.c
gcc -Wall -Wextra -Werror -g   -c -o ft_memdel.o ft_memdel.c
gcc -Wall -Wextra -Werror -g   -c -o ft_strnew.o ft_strnew.c
ar rcs libft.a ft_atoi.o ft_bzero.o ft_isalnum.o ft_isalpha.o ft_isascii.o ft_isdigit.o ft_isprint.o ft_memccpy.o ft_memchr.o ft_memcmp.o ft_memcpy.o ft_memmove.o ft_memset.o ft_strchr.o ft_strlcat.o ft_strlcpy.o ft_strlen.o ft_strncmp.o ft_strnstr.o ft_strrchr.o ft_tolower.o ft_toupper.o ft_calloc.o ft_strdup.o ft_substr.o ft_strjoin.o ft_strtrim.o ft_split.o ft_itoa.o ft_strmapi.o ft_putchar_fd.o ft_putstr_fd.o ft_putendl_fd.o ft_putnbr_fd.o ft_lstnew.o ft_lstadd_front.o ft_lstsize.o ft_lstlast.o ft_lstadd_back.o ft_lstdelone.o ft_lstclear.o ft_lstiter.o ft_lstmap.o ft_putchar.o ft_putstr.o ft_printf.o dispatch.o handle_d.o ft_putnbr_base.o handle_c.o handle_s.o handle_p.o handle_u.o handle_x.o handle_bigx.o handle_perc.o init_table.o reset_table.o parse.o read_flags.o handle_spec.o handle_spec_u.o handle_spec_x.o handle_spec_bigx.o handle_spec_c.o handle_spec_p.o handle_precis.o ft_memdel.o ft_strnew.o
rm -f ft_atoi.o ft_bzero.o ft_isalnum.o ft_isalpha.o ft_isascii.o ft_isdigit.o ft_isprint.o ft_memccpy.o ft_memchr.o ft_memcmp.o ft_memcpy.o ft_memmove.o ft_memset.o ft_strchr.o ft_strlcat.o ft_strlcpy.o ft_strlen.o ft_strncmp.o ft_strnstr.o ft_strrchr.o ft_tolower.o ft_toupper.o ft_calloc.o ft_strdup.o ft_substr.o ft_strjoin.o ft_strtrim.o ft_split.o ft_itoa.o ft_strmapi.o ft_putchar_fd.o ft_putstr_fd.o ft_putendl_fd.o ft_putnbr_fd.o ft_lstnew.o ft_lstadd_front.o ft_lstsize.o ft_lstlast.o ft_lstadd_back.o ft_lstdelone.o ft_lstclear.o ft_lstiter.o ft_lstmap.o ft_putchar.o ft_putstr.o ft_printf.o dispatch.o handle_d.o ft_putnbr_base.o handle_c.o handle_s.o handle_p.o handle_u.o handle_x.o handle_bigx.o handle_perc.o init_table.o reset_table.o parse.o read_flags.o handle_spec.o handle_spec_u.o handle_spec_x.o handle_spec_bigx.o handle_spec_c.o handle_spec_p.o handle_precis.o ft_memdel.o ft_strnew.o
make[1]: Leaving directory '/home/igor/42Cursus/PUSH_SWAP/libft'
gcc -I /includes -Wall -Wextra -Werror -g -o push_swap main.o check_contract.o initialize.o fill_deck.o swap.o push.o rotate.o reverse_rotate.o dispatch_sort.o sort_big.o median.o -L ./libft -lft
make: Leaving directory '/home/igor/42Cursus/PUSH_SWAP'
 
